<?xml version="1.0" encoding="UTF-8"?>
<testsuite xmlns:xsi="http://www.w3.org/2001/XMLSchema-instance" xsi:noNamespaceSchemaLocation="https://maven.apache.org/surefire/maven-surefire-plugin/xsd/surefire-test-report-3.0.xsd" version="3.0" name="TestSuite" time="12.159" tests="36" errors="0" skipped="24" failures="12">
  <properties>
[...]
</properties>
  <testcase name="openbrowser" classname="TestScript.LoginTestS" time="4.826">
    <failure message="unknown error: cannot find Chrome binary&#10;Build info: version: &apos;3.5.2&apos;, revision: &apos;10229a9&apos;, time: &apos;2017-08-21T17:29:55.15Z&apos;&#10;System info: host: &apos;DESKTOP-R89UIF8&apos;, ip: &apos;192.168.29.73&apos;, os.name: &apos;Windows 10&apos;, os.arch: &apos;amd64&apos;, os.version: &apos;10.0&apos;, java.version: &apos;14.0.2&apos;&#10;Driver info: driver.version: Driver&#10;remote stacktrace: Backtrace:&#10;	Ordinal0 [0x00CF87E3+2852835]&#10;	Ordinal0 [0x00BE5BB1+1727409]&#10;	Ordinal0 [0x00ABE4B9+517305]&#10;	Ordinal0 [0x00A4CA98+51864]&#10;	Ordinal0 [0x00A6D9F7+186871]&#10;	Ordinal0 [0x00A6D7FD+186365]&#10;	Ordinal0 [0x00A6B70B+177931]&#10;	Ordinal0 [0x00A52584+75140]&#10;	Ordinal0 [0x00A53650+79440]&#10;	Ordinal0 [0x00A535E9+79337]&#10;	Ordinal0 [0x00BFAD5C+1813852]&#10;	GetHandleVerifier [0x00E1C616+1075574]&#10;	GetHandleVerifier [0x00E1C367+1074887]&#10;	GetHandleVerifier [0x00E27497+1120247]&#10;	GetHandleVerifier [0x00E1CC16+1077110]&#10;	Ordinal0 [0x00BF3206+1782278]&#10;	Ordinal0 [0x00BFC3BB+1819579]&#10;	Ordinal0 [0x00BFC523+1819939]&#10;	Ordinal0 [0x00C12B45+1911621]&#10;	BaseThreadInitThunk [0x76CAFA29+25]&#10;	RtlGetAppContainerNamedObjectPath [0x77777A4E+286]&#10;	RtlGetAppContainerNamedObjectPath [0x77777A1E+238]&#10;" type="org.openqa.selenium.WebDriverException"><![CDATA[org.openqa.selenium.WebDriverException: 
unknown error: cannot find Chrome binary
Build info: version: '3.5.2', revision: '10229a9', time: '2017-08-21T17:29:55.15Z'
System info: host: 'DESKTOP-R89UIF8', ip: '192.168.29.73', os.name: 'Windows 10', os.arch: 'amd64', os.version: '10.0', java.version: '14.0.2'
Driver info: driver.version: Driver
remote stacktrace: Backtrace:
	Ordinal0 [0x00CF87E3+2852835]
	Ordinal0 [0x00BE5BB1+1727409]
	Ordinal0 [0x00ABE4B9+517305]
	Ordinal0 [0x00A4CA98+51864]
	Ordinal0 [0x00A6D9F7+186871]
	Ordinal0 [0x00A6D7FD+186365]
	Ordinal0 [0x00A6B70B+177931]
	Ordinal0 [0x00A52584+75140]
	Ordinal0 [0x00A53650+79440]
	Ordinal0 [0x00A535E9+79337]
	Ordinal0 [0x00BFAD5C+1813852]
	GetHandleVerifier [0x00E1C616+1075574]
	GetHandleVerifier [0x00E1C367+1074887]
	GetHandleVerifier [0x00E27497+1120247]
	GetHandleVerifier [0x00E1CC16+1077110]
	Ordinal0 [0x00BF3206+1782278]
	Ordinal0 [0x00BFC3BB+1819579]
	Ordinal0 [0x00BFC523+1819939]
	Ordinal0 [0x00C12B45+1911621]
	BaseThreadInitThunk [0x76CAFA29+25]
	RtlGetAppContainerNamedObjectPath [0x77777A4E+286]
	RtlGetAppContainerNamedObjectPath [0x77777A1E+238]

]]></failure>
    <system-out><![CDATA[[TestNGContentHandler] [WARN] It is strongly recommended to add "<!DOCTYPE suite SYSTEM "https://testng.org/testng-1.0.dtd" >" at the top of your file, otherwise TestNG may fail or not work as expected.
]]></system-out>
    <system-err><![CDATA[Starting ChromeDriver 84.0.4147.30 (48b3e868b4cc0aa7e8149519690b6f6949e110a8-refs/branch-heads/4147@{#310}) on port 41949
Only local connections are allowed.
Please see https://chromedriver.chromium.org/security-considerations for suggestions on keeping ChromeDriver safe.
ChromeDriver was started successfully.
]]></system-err>
  </testcase>
  <testcase name="validateLogin[7559069588, Akash](1)" classname="TestScript.LoginTestS" time="0">
    <skipped message="unknown error: cannot find Chrome binary&#10;Build info: version: &apos;3.5.2&apos;, revision: &apos;10229a9&apos;, time: &apos;2017-08-21T17:29:55.15Z&apos;&#10;System info: host: &apos;DESKTOP-R89UIF8&apos;, ip: &apos;192.168.29.73&apos;, os.name: &apos;Windows 10&apos;, os.arch: &apos;amd64&apos;, os.version: &apos;10.0&apos;, java.version: &apos;14.0.2&apos;&#10;Driver info: driver.version: Driver&#10;remote stacktrace: Backtrace:&#10;	Ordinal0 [0x00CF87E3+2852835]&#10;	Ordinal0 [0x00BE5BB1+1727409]&#10;	Ordinal0 [0x00ABE4B9+517305]&#10;	Ordinal0 [0x00A4CA98+51864]&#10;	Ordinal0 [0x00A6D9F7+186871]&#10;	Ordinal0 [0x00A6D7FD+186365]&#10;	Ordinal0 [0x00A6B70B+177931]&#10;	Ordinal0 [0x00A52584+75140]&#10;	Ordinal0 [0x00A53650+79440]&#10;	Ordinal0 [0x00A535E9+79337]&#10;	Ordinal0 [0x00BFAD5C+1813852]&#10;	GetHandleVerifier [0x00E1C616+1075574]&#10;	GetHandleVerifier [0x00E1C367+1074887]&#10;	GetHandleVerifier [0x00E27497+1120247]&#10;	GetHandleVerifier [0x00E1CC16+1077110]&#10;	Ordinal0 [0x00BF3206+1782278]&#10;	Ordinal0 [0x00BFC3BB+1819579]&#10;	Ordinal0 [0x00BFC523+1819939]&#10;	Ordinal0 [0x00C12B45+1911621]&#10;	BaseThreadInitThunk [0x76CAFA29+25]&#10;	RtlGetAppContainerNamedObjectPath [0x77777A4E+286]&#10;	RtlGetAppContainerNamedObjectPath [0x77777A1E+238]&#10;"/>
  </testcase>
  <testcase name="Closebrowser" classname="TestScript.LoginTestS" time="0">
    <skipped/>
  </testcase>
  <testcase name="openbrowser" classname="TestScript.InvalidloginTest" time="0.586">
    <failure message="unknown error: cannot find Chrome binary&#10;Build info: version: &apos;3.5.2&apos;, revision: &apos;10229a9&apos;, time: &apos;2017-08-21T17:29:55.15Z&apos;&#10;System info: host: &apos;DESKTOP-R89UIF8&apos;, ip: &apos;192.168.29.73&apos;, os.name: &apos;Windows 10&apos;, os.arch: &apos;amd64&apos;, os.version: &apos;10.0&apos;, java.version: &apos;14.0.2&apos;&#10;Driver info: driver.version: Driver&#10;remote stacktrace: Backtrace:&#10;	Ordinal0 [0x00CF87E3+2852835]&#10;	Ordinal0 [0x00BE5BB1+1727409]&#10;	Ordinal0 [0x00ABE4B9+517305]&#10;	Ordinal0 [0x00A4CA98+51864]&#10;	Ordinal0 [0x00A6D9F7+186871]&#10;	Ordinal0 [0x00A6D7FD+186365]&#10;	Ordinal0 [0x00A6B70B+177931]&#10;	Ordinal0 [0x00A52584+75140]&#10;	Ordinal0 [0x00A53650+79440]&#10;	Ordinal0 [0x00A535E9+79337]&#10;	Ordinal0 [0x00BFAD5C+1813852]&#10;	GetHandleVerifier [0x00E1C616+1075574]&#10;	GetHandleVerifier [0x00E1C367+1074887]&#10;	GetHandleVerifier [0x00E27497+1120247]&#10;	GetHandleVerifier [0x00E1CC16+1077110]&#10;	Ordinal0 [0x00BF3206+1782278]&#10;	Ordinal0 [0x00BFC3BB+1819579]&#10;	Ordinal0 [0x00BFC523+1819939]&#10;	Ordinal0 [0x00C12B45+1911621]&#10;	BaseThreadInitThunk [0x76CAFA29+25]&#10;	RtlGetAppContainerNamedObjectPath [0x77777A4E+286]&#10;	RtlGetAppContainerNamedObjectPath [0x77777A1E+238]&#10;" type="org.openqa.selenium.WebDriverException"><![CDATA[org.openqa.selenium.WebDriverException: 
unknown error: cannot find Chrome binary
Build info: version: '3.5.2', revision: '10229a9', time: '2017-08-21T17:29:55.15Z'
System info: host: 'DESKTOP-R89UIF8', ip: '192.168.29.73', os.name: 'Windows 10', os.arch: 'amd64', os.version: '10.0', java.version: '14.0.2'
Driver info: driver.version: Driver
remote stacktrace: Backtrace:
	Ordinal0 [0x00CF87E3+2852835]
	Ordinal0 [0x00BE5BB1+1727409]
	Ordinal0 [0x00ABE4B9+517305]
	Ordinal0 [0x00A4CA98+51864]
	Ordinal0 [0x00A6D9F7+186871]
	Ordinal0 [0x00A6D7FD+186365]
	Ordinal0 [0x00A6B70B+177931]
	Ordinal0 [0x00A52584+75140]
	Ordinal0 [0x00A53650+79440]
	Ordinal0 [0x00A535E9+79337]
	Ordinal0 [0x00BFAD5C+1813852]
	GetHandleVerifier [0x00E1C616+1075574]
	GetHandleVerifier [0x00E1C367+1074887]
	GetHandleVerifier [0x00E27497+1120247]
	GetHandleVerifier [0x00E1CC16+1077110]
	Ordinal0 [0x00BF3206+1782278]
	Ordinal0 [0x00BFC3BB+1819579]
	Ordinal0 [0x00BFC523+1819939]
	Ordinal0 [0x00C12B45+1911621]
	BaseThreadInitThunk [0x76CAFA29+25]
	RtlGetAppContainerNamedObjectPath [0x77777A4E+286]
	RtlGetAppContainerNamedObjectPath [0x77777A1E+238]

]]></failure>
    <system-err><![CDATA[Starting ChromeDriver 84.0.4147.30 (48b3e868b4cc0aa7e8149519690b6f6949e110a8-refs/branch-heads/4147@{#310}) on port 28461
Only local connections are allowed.
Please see https://chromedriver.chromium.org/security-considerations for suggestions on keeping ChromeDriver safe.
ChromeDriver was started successfully.
]]></system-err>
  </testcase>
  <testcase name="invalidlogin[996193041185](1)" classname="TestScript.InvalidloginTest" time="0">
    <skipped message="unknown error: cannot find Chrome binary&#10;Build info: version: &apos;3.5.2&apos;, revision: &apos;10229a9&apos;, time: &apos;2017-08-21T17:29:55.15Z&apos;&#10;System info: host: &apos;DESKTOP-R89UIF8&apos;, ip: &apos;192.168.29.73&apos;, os.name: &apos;Windows 10&apos;, os.arch: &apos;amd64&apos;, os.version: &apos;10.0&apos;, java.version: &apos;14.0.2&apos;&#10;Driver info: driver.version: Driver&#10;remote stacktrace: Backtrace:&#10;	Ordinal0 [0x00CF87E3+2852835]&#10;	Ordinal0 [0x00BE5BB1+1727409]&#10;	Ordinal0 [0x00ABE4B9+517305]&#10;	Ordinal0 [0x00A4CA98+51864]&#10;	Ordinal0 [0x00A6D9F7+186871]&#10;	Ordinal0 [0x00A6D7FD+186365]&#10;	Ordinal0 [0x00A6B70B+177931]&#10;	Ordinal0 [0x00A52584+75140]&#10;	Ordinal0 [0x00A53650+79440]&#10;	Ordinal0 [0x00A535E9+79337]&#10;	Ordinal0 [0x00BFAD5C+1813852]&#10;	GetHandleVerifier [0x00E1C616+1075574]&#10;	GetHandleVerifier [0x00E1C367+1074887]&#10;	GetHandleVerifier [0x00E27497+1120247]&#10;	GetHandleVerifier [0x00E1CC16+1077110]&#10;	Ordinal0 [0x00BF3206+1782278]&#10;	Ordinal0 [0x00BFC3BB+1819579]&#10;	Ordinal0 [0x00BFC523+1819939]&#10;	Ordinal0 [0x00C12B45+1911621]&#10;	BaseThreadInitThunk [0x76CAFA29+25]&#10;	RtlGetAppContainerNamedObjectPath [0x77777A4E+286]&#10;	RtlGetAppContainerNamedObjectPath [0x77777A1E+238]&#10;"/>
  </testcase>
  <testcase name="Closebrowser" classname="TestScript.InvalidloginTest" time="0">
    <skipped/>
  </testcase>
  <testcase name="openbrowser" classname="TestScript.SearchTestScript" time="0.606">
    <failure message="unknown error: cannot find Chrome binary&#10;Build info: version: &apos;3.5.2&apos;, revision: &apos;10229a9&apos;, time: &apos;2017-08-21T17:29:55.15Z&apos;&#10;System info: host: &apos;DESKTOP-R89UIF8&apos;, ip: &apos;192.168.29.73&apos;, os.name: &apos;Windows 10&apos;, os.arch: &apos;amd64&apos;, os.version: &apos;10.0&apos;, java.version: &apos;14.0.2&apos;&#10;Driver info: driver.version: Driver&#10;remote stacktrace: Backtrace:&#10;	Ordinal0 [0x00CF87E3+2852835]&#10;	Ordinal0 [0x00BE5BB1+1727409]&#10;	Ordinal0 [0x00ABE4B9+517305]&#10;	Ordinal0 [0x00A4CA98+51864]&#10;	Ordinal0 [0x00A6D9F7+186871]&#10;	Ordinal0 [0x00A6D7FD+186365]&#10;	Ordinal0 [0x00A6B70B+177931]&#10;	Ordinal0 [0x00A52584+75140]&#10;	Ordinal0 [0x00A53650+79440]&#10;	Ordinal0 [0x00A535E9+79337]&#10;	Ordinal0 [0x00BFAD5C+1813852]&#10;	GetHandleVerifier [0x00E1C616+1075574]&#10;	GetHandleVerifier [0x00E1C367+1074887]&#10;	GetHandleVerifier [0x00E27497+1120247]&#10;	GetHandleVerifier [0x00E1CC16+1077110]&#10;	Ordinal0 [0x00BF3206+1782278]&#10;	Ordinal0 [0x00BFC3BB+1819579]&#10;	Ordinal0 [0x00BFC523+1819939]&#10;	Ordinal0 [0x00C12B45+1911621]&#10;	BaseThreadInitThunk [0x76CAFA29+25]&#10;	RtlGetAppContainerNamedObjectPath [0x77777A4E+286]&#10;	RtlGetAppContainerNamedObjectPath [0x77777A1E+238]&#10;" type="org.openqa.selenium.WebDriverException"><![CDATA[org.openqa.selenium.WebDriverException: 
unknown error: cannot find Chrome binary
Build info: version: '3.5.2', revision: '10229a9', time: '2017-08-21T17:29:55.15Z'
System info: host: 'DESKTOP-R89UIF8', ip: '192.168.29.73', os.name: 'Windows 10', os.arch: 'amd64', os.version: '10.0', java.version: '14.0.2'
Driver info: driver.version: Driver
remote stacktrace: Backtrace:
	Ordinal0 [0x00CF87E3+2852835]
	Ordinal0 [0x00BE5BB1+1727409]
	Ordinal0 [0x00ABE4B9+517305]
	Ordinal0 [0x00A4CA98+51864]
	Ordinal0 [0x00A6D9F7+186871]
	Ordinal0 [0x00A6D7FD+186365]
	Ordinal0 [0x00A6B70B+177931]
	Ordinal0 [0x00A52584+75140]
	Ordinal0 [0x00A53650+79440]
	Ordinal0 [0x00A535E9+79337]
	Ordinal0 [0x00BFAD5C+1813852]
	GetHandleVerifier [0x00E1C616+1075574]
	GetHandleVerifier [0x00E1C367+1074887]
	GetHandleVerifier [0x00E27497+1120247]
	GetHandleVerifier [0x00E1CC16+1077110]
	Ordinal0 [0x00BF3206+1782278]
	Ordinal0 [0x00BFC3BB+1819579]
	Ordinal0 [0x00BFC523+1819939]
	Ordinal0 [0x00C12B45+1911621]
	BaseThreadInitThunk [0x76CAFA29+25]
	RtlGetAppContainerNamedObjectPath [0x77777A4E+286]
	RtlGetAppContainerNamedObjectPath [0x77777A1E+238]

]]></failure>
    <system-err><![CDATA[Starting ChromeDriver 84.0.4147.30 (48b3e868b4cc0aa7e8149519690b6f6949e110a8-refs/branch-heads/4147@{#310}) on port 15833
Only local connections are allowed.
Please see https://chromedriver.chromium.org/security-considerations for suggestions on keeping ChromeDriver safe.
ChromeDriver was started successfully.
]]></system-err>
  </testcase>
  <testcase name="validatsrch[iphone 12](1)" classname="TestScript.SearchTestScript" time="0">
    <skipped message="unknown error: cannot find Chrome binary&#10;Build info: version: &apos;3.5.2&apos;, revision: &apos;10229a9&apos;, time: &apos;2017-08-21T17:29:55.15Z&apos;&#10;System info: host: &apos;DESKTOP-R89UIF8&apos;, ip: &apos;192.168.29.73&apos;, os.name: &apos;Windows 10&apos;, os.arch: &apos;amd64&apos;, os.version: &apos;10.0&apos;, java.version: &apos;14.0.2&apos;&#10;Driver info: driver.version: Driver&#10;remote stacktrace: Backtrace:&#10;	Ordinal0 [0x00CF87E3+2852835]&#10;	Ordinal0 [0x00BE5BB1+1727409]&#10;	Ordinal0 [0x00ABE4B9+517305]&#10;	Ordinal0 [0x00A4CA98+51864]&#10;	Ordinal0 [0x00A6D9F7+186871]&#10;	Ordinal0 [0x00A6D7FD+186365]&#10;	Ordinal0 [0x00A6B70B+177931]&#10;	Ordinal0 [0x00A52584+75140]&#10;	Ordinal0 [0x00A53650+79440]&#10;	Ordinal0 [0x00A535E9+79337]&#10;	Ordinal0 [0x00BFAD5C+1813852]&#10;	GetHandleVerifier [0x00E1C616+1075574]&#10;	GetHandleVerifier [0x00E1C367+1074887]&#10;	GetHandleVerifier [0x00E27497+1120247]&#10;	GetHandleVerifier [0x00E1CC16+1077110]&#10;	Ordinal0 [0x00BF3206+1782278]&#10;	Ordinal0 [0x00BFC3BB+1819579]&#10;	Ordinal0 [0x00BFC523+1819939]&#10;	Ordinal0 [0x00C12B45+1911621]&#10;	BaseThreadInitThunk [0x76CAFA29+25]&#10;	RtlGetAppContainerNamedObjectPath [0x77777A4E+286]&#10;	RtlGetAppContainerNamedObjectPath [0x77777A1E+238]&#10;"/>
  </testcase>
  <testcase name="Closebrowser" classname="TestScript.SearchTestScript" time="0">
    <skipped/>
  </testcase>
  <testcase name="openbrowser" classname="TestScript.ProductDetailsTest" time="0.611">
    <failure message="unknown error: cannot find Chrome binary&#10;Build info: version: &apos;3.5.2&apos;, revision: &apos;10229a9&apos;, time: &apos;2017-08-21T17:29:55.15Z&apos;&#10;System info: host: &apos;DESKTOP-R89UIF8&apos;, ip: &apos;192.168.29.73&apos;, os.name: &apos;Windows 10&apos;, os.arch: &apos;amd64&apos;, os.version: &apos;10.0&apos;, java.version: &apos;14.0.2&apos;&#10;Driver info: driver.version: Driver&#10;remote stacktrace: Backtrace:&#10;	Ordinal0 [0x00CF87E3+2852835]&#10;	Ordinal0 [0x00BE5BB1+1727409]&#10;	Ordinal0 [0x00ABE4B9+517305]&#10;	Ordinal0 [0x00A4CA98+51864]&#10;	Ordinal0 [0x00A6D9F7+186871]&#10;	Ordinal0 [0x00A6D7FD+186365]&#10;	Ordinal0 [0x00A6B70B+177931]&#10;	Ordinal0 [0x00A52584+75140]&#10;	Ordinal0 [0x00A53650+79440]&#10;	Ordinal0 [0x00A535E9+79337]&#10;	Ordinal0 [0x00BFAD5C+1813852]&#10;	GetHandleVerifier [0x00E1C616+1075574]&#10;	GetHandleVerifier [0x00E1C367+1074887]&#10;	GetHandleVerifier [0x00E27497+1120247]&#10;	GetHandleVerifier [0x00E1CC16+1077110]&#10;	Ordinal0 [0x00BF3206+1782278]&#10;	Ordinal0 [0x00BFC3BB+1819579]&#10;	Ordinal0 [0x00BFC523+1819939]&#10;	Ordinal0 [0x00C12B45+1911621]&#10;	BaseThreadInitThunk [0x76CAFA29+25]&#10;	RtlGetAppContainerNamedObjectPath [0x77777A4E+286]&#10;	RtlGetAppContainerNamedObjectPath [0x77777A1E+238]&#10;" type="org.openqa.selenium.WebDriverException"><![CDATA[org.openqa.selenium.WebDriverException: 
unknown error: cannot find Chrome binary
Build info: version: '3.5.2', revision: '10229a9', time: '2017-08-21T17:29:55.15Z'
System info: host: 'DESKTOP-R89UIF8', ip: '192.168.29.73', os.name: 'Windows 10', os.arch: 'amd64', os.version: '10.0', java.version: '14.0.2'
Driver info: driver.version: Driver
remote stacktrace: Backtrace:
	Ordinal0 [0x00CF87E3+2852835]
	Ordinal0 [0x00BE5BB1+1727409]
	Ordinal0 [0x00ABE4B9+517305]
	Ordinal0 [0x00A4CA98+51864]
	Ordinal0 [0x00A6D9F7+186871]
	Ordinal0 [0x00A6D7FD+186365]
	Ordinal0 [0x00A6B70B+177931]
	Ordinal0 [0x00A52584+75140]
	Ordinal0 [0x00A53650+79440]
	Ordinal0 [0x00A535E9+79337]
	Ordinal0 [0x00BFAD5C+1813852]
	GetHandleVerifier [0x00E1C616+1075574]
	GetHandleVerifier [0x00E1C367+1074887]
	GetHandleVerifier [0x00E27497+1120247]
	GetHandleVerifier [0x00E1CC16+1077110]
	Ordinal0 [0x00BF3206+1782278]
	Ordinal0 [0x00BFC3BB+1819579]
	Ordinal0 [0x00BFC523+1819939]
	Ordinal0 [0x00C12B45+1911621]
	BaseThreadInitThunk [0x76CAFA29+25]
	RtlGetAppContainerNamedObjectPath [0x77777A4E+286]
	RtlGetAppContainerNamedObjectPath [0x77777A1E+238]

]]></failure>
    <system-err><![CDATA[Starting ChromeDriver 84.0.4147.30 (48b3e868b4cc0aa7e8149519690b6f6949e110a8-refs/branch-heads/4147@{#310}) on port 34313
Only local connections are allowed.
Please see https://chromedriver.chromium.org/security-considerations for suggestions on keeping ChromeDriver safe.
ChromeDriver was started successfully.
]]></system-err>
  </testcase>
  <testcase name="prdtvalidatsrch[iphone 12](1)" classname="TestScript.ProductDetailsTest" time="0">
    <skipped message="unknown error: cannot find Chrome binary&#10;Build info: version: &apos;3.5.2&apos;, revision: &apos;10229a9&apos;, time: &apos;2017-08-21T17:29:55.15Z&apos;&#10;System info: host: &apos;DESKTOP-R89UIF8&apos;, ip: &apos;192.168.29.73&apos;, os.name: &apos;Windows 10&apos;, os.arch: &apos;amd64&apos;, os.version: &apos;10.0&apos;, java.version: &apos;14.0.2&apos;&#10;Driver info: driver.version: Driver&#10;remote stacktrace: Backtrace:&#10;	Ordinal0 [0x00CF87E3+2852835]&#10;	Ordinal0 [0x00BE5BB1+1727409]&#10;	Ordinal0 [0x00ABE4B9+517305]&#10;	Ordinal0 [0x00A4CA98+51864]&#10;	Ordinal0 [0x00A6D9F7+186871]&#10;	Ordinal0 [0x00A6D7FD+186365]&#10;	Ordinal0 [0x00A6B70B+177931]&#10;	Ordinal0 [0x00A52584+75140]&#10;	Ordinal0 [0x00A53650+79440]&#10;	Ordinal0 [0x00A535E9+79337]&#10;	Ordinal0 [0x00BFAD5C+1813852]&#10;	GetHandleVerifier [0x00E1C616+1075574]&#10;	GetHandleVerifier [0x00E1C367+1074887]&#10;	GetHandleVerifier [0x00E27497+1120247]&#10;	GetHandleVerifier [0x00E1CC16+1077110]&#10;	Ordinal0 [0x00BF3206+1782278]&#10;	Ordinal0 [0x00BFC3BB+1819579]&#10;	Ordinal0 [0x00BFC523+1819939]&#10;	Ordinal0 [0x00C12B45+1911621]&#10;	BaseThreadInitThunk [0x76CAFA29+25]&#10;	RtlGetAppContainerNamedObjectPath [0x77777A4E+286]&#10;	RtlGetAppContainerNamedObjectPath [0x77777A1E+238]&#10;"/>
  </testcase>
  <testcase name="Closebrowser" classname="TestScript.ProductDetailsTest" time="0">
    <skipped/>
  </testcase>
  <testcase name="openbrowser" classname="TestScript.RemoveFromCartTestScript" time="0.606">
    <failure message="unknown error: cannot find Chrome binary&#10;Build info: version: &apos;3.5.2&apos;, revision: &apos;10229a9&apos;, time: &apos;2017-08-21T17:29:55.15Z&apos;&#10;System info: host: &apos;DESKTOP-R89UIF8&apos;, ip: &apos;192.168.29.73&apos;, os.name: &apos;Windows 10&apos;, os.arch: &apos;amd64&apos;, os.version: &apos;10.0&apos;, java.version: &apos;14.0.2&apos;&#10;Driver info: driver.version: Driver&#10;remote stacktrace: Backtrace:&#10;	Ordinal0 [0x00CF87E3+2852835]&#10;	Ordinal0 [0x00BE5BB1+1727409]&#10;	Ordinal0 [0x00ABE4B9+517305]&#10;	Ordinal0 [0x00A4CA98+51864]&#10;	Ordinal0 [0x00A6D9F7+186871]&#10;	Ordinal0 [0x00A6D7FD+186365]&#10;	Ordinal0 [0x00A6B70B+177931]&#10;	Ordinal0 [0x00A52584+75140]&#10;	Ordinal0 [0x00A53650+79440]&#10;	Ordinal0 [0x00A535E9+79337]&#10;	Ordinal0 [0x00BFAD5C+1813852]&#10;	GetHandleVerifier [0x00E1C616+1075574]&#10;	GetHandleVerifier [0x00E1C367+1074887]&#10;	GetHandleVerifier [0x00E27497+1120247]&#10;	GetHandleVerifier [0x00E1CC16+1077110]&#10;	Ordinal0 [0x00BF3206+1782278]&#10;	Ordinal0 [0x00BFC3BB+1819579]&#10;	Ordinal0 [0x00BFC523+1819939]&#10;	Ordinal0 [0x00C12B45+1911621]&#10;	BaseThreadInitThunk [0x76CAFA29+25]&#10;	RtlGetAppContainerNamedObjectPath [0x77777A4E+286]&#10;	RtlGetAppContainerNamedObjectPath [0x77777A1E+238]&#10;" type="org.openqa.selenium.WebDriverException"><![CDATA[org.openqa.selenium.WebDriverException: 
unknown error: cannot find Chrome binary
Build info: version: '3.5.2', revision: '10229a9', time: '2017-08-21T17:29:55.15Z'
System info: host: 'DESKTOP-R89UIF8', ip: '192.168.29.73', os.name: 'Windows 10', os.arch: 'amd64', os.version: '10.0', java.version: '14.0.2'
Driver info: driver.version: Driver
remote stacktrace: Backtrace:
	Ordinal0 [0x00CF87E3+2852835]
	Ordinal0 [0x00BE5BB1+1727409]
	Ordinal0 [0x00ABE4B9+517305]
	Ordinal0 [0x00A4CA98+51864]
	Ordinal0 [0x00A6D9F7+186871]
	Ordinal0 [0x00A6D7FD+186365]
	Ordinal0 [0x00A6B70B+177931]
	Ordinal0 [0x00A52584+75140]
	Ordinal0 [0x00A53650+79440]
	Ordinal0 [0x00A535E9+79337]
	Ordinal0 [0x00BFAD5C+1813852]
	GetHandleVerifier [0x00E1C616+1075574]
	GetHandleVerifier [0x00E1C367+1074887]
	GetHandleVerifier [0x00E27497+1120247]
	GetHandleVerifier [0x00E1CC16+1077110]
	Ordinal0 [0x00BF3206+1782278]
	Ordinal0 [0x00BFC3BB+1819579]
	Ordinal0 [0x00BFC523+1819939]
	Ordinal0 [0x00C12B45+1911621]
	BaseThreadInitThunk [0x76CAFA29+25]
	RtlGetAppContainerNamedObjectPath [0x77777A4E+286]
	RtlGetAppContainerNamedObjectPath [0x77777A1E+238]

]]></failure>
    <system-err><![CDATA[Starting ChromeDriver 84.0.4147.30 (48b3e868b4cc0aa7e8149519690b6f6949e110a8-refs/branch-heads/4147@{#310}) on port 19942
Only local connections are allowed.
Please see https://chromedriver.chromium.org/security-considerations for suggestions on keeping ChromeDriver safe.
ChromeDriver was started successfully.
]]></system-err>
  </testcase>
  <testcase name="removeFROMcart[iphone 12](1)" classname="TestScript.RemoveFromCartTestScript" time="0">
    <skipped message="unknown error: cannot find Chrome binary&#10;Build info: version: &apos;3.5.2&apos;, revision: &apos;10229a9&apos;, time: &apos;2017-08-21T17:29:55.15Z&apos;&#10;System info: host: &apos;DESKTOP-R89UIF8&apos;, ip: &apos;192.168.29.73&apos;, os.name: &apos;Windows 10&apos;, os.arch: &apos;amd64&apos;, os.version: &apos;10.0&apos;, java.version: &apos;14.0.2&apos;&#10;Driver info: driver.version: Driver&#10;remote stacktrace: Backtrace:&#10;	Ordinal0 [0x00CF87E3+2852835]&#10;	Ordinal0 [0x00BE5BB1+1727409]&#10;	Ordinal0 [0x00ABE4B9+517305]&#10;	Ordinal0 [0x00A4CA98+51864]&#10;	Ordinal0 [0x00A6D9F7+186871]&#10;	Ordinal0 [0x00A6D7FD+186365]&#10;	Ordinal0 [0x00A6B70B+177931]&#10;	Ordinal0 [0x00A52584+75140]&#10;	Ordinal0 [0x00A53650+79440]&#10;	Ordinal0 [0x00A535E9+79337]&#10;	Ordinal0 [0x00BFAD5C+1813852]&#10;	GetHandleVerifier [0x00E1C616+1075574]&#10;	GetHandleVerifier [0x00E1C367+1074887]&#10;	GetHandleVerifier [0x00E27497+1120247]&#10;	GetHandleVerifier [0x00E1CC16+1077110]&#10;	Ordinal0 [0x00BF3206+1782278]&#10;	Ordinal0 [0x00BFC3BB+1819579]&#10;	Ordinal0 [0x00BFC523+1819939]&#10;	Ordinal0 [0x00C12B45+1911621]&#10;	BaseThreadInitThunk [0x76CAFA29+25]&#10;	RtlGetAppContainerNamedObjectPath [0x77777A4E+286]&#10;	RtlGetAppContainerNamedObjectPath [0x77777A1E+238]&#10;"/>
  </testcase>
  <testcase name="Closebrowser" classname="TestScript.RemoveFromCartTestScript" time="0">
    <skipped/>
  </testcase>
  <testcase name="openbrowser" classname="TestScript.ValidPincodeTestScript" time="0.558">
    <failure message="unknown error: cannot find Chrome binary&#10;Build info: version: &apos;3.5.2&apos;, revision: &apos;10229a9&apos;, time: &apos;2017-08-21T17:29:55.15Z&apos;&#10;System info: host: &apos;DESKTOP-R89UIF8&apos;, ip: &apos;192.168.29.73&apos;, os.name: &apos;Windows 10&apos;, os.arch: &apos;amd64&apos;, os.version: &apos;10.0&apos;, java.version: &apos;14.0.2&apos;&#10;Driver info: driver.version: Driver&#10;remote stacktrace: Backtrace:&#10;	Ordinal0 [0x00CF87E3+2852835]&#10;	Ordinal0 [0x00BE5BB1+1727409]&#10;	Ordinal0 [0x00ABE4B9+517305]&#10;	Ordinal0 [0x00A4CA98+51864]&#10;	Ordinal0 [0x00A6D9F7+186871]&#10;	Ordinal0 [0x00A6D7FD+186365]&#10;	Ordinal0 [0x00A6B70B+177931]&#10;	Ordinal0 [0x00A52584+75140]&#10;	Ordinal0 [0x00A53650+79440]&#10;	Ordinal0 [0x00A535E9+79337]&#10;	Ordinal0 [0x00BFAD5C+1813852]&#10;	GetHandleVerifier [0x00E1C616+1075574]&#10;	GetHandleVerifier [0x00E1C367+1074887]&#10;	GetHandleVerifier [0x00E27497+1120247]&#10;	GetHandleVerifier [0x00E1CC16+1077110]&#10;	Ordinal0 [0x00BF3206+1782278]&#10;	Ordinal0 [0x00BFC3BB+1819579]&#10;	Ordinal0 [0x00BFC523+1819939]&#10;	Ordinal0 [0x00C12B45+1911621]&#10;	BaseThreadInitThunk [0x76CAFA29+25]&#10;	RtlGetAppContainerNamedObjectPath [0x77777A4E+286]&#10;	RtlGetAppContainerNamedObjectPath [0x77777A1E+238]&#10;" type="org.openqa.selenium.WebDriverException"><![CDATA[org.openqa.selenium.WebDriverException: 
unknown error: cannot find Chrome binary
Build info: version: '3.5.2', revision: '10229a9', time: '2017-08-21T17:29:55.15Z'
System info: host: 'DESKTOP-R89UIF8', ip: '192.168.29.73', os.name: 'Windows 10', os.arch: 'amd64', os.version: '10.0', java.version: '14.0.2'
Driver info: driver.version: Driver
remote stacktrace: Backtrace:
	Ordinal0 [0x00CF87E3+2852835]
	Ordinal0 [0x00BE5BB1+1727409]
	Ordinal0 [0x00ABE4B9+517305]
	Ordinal0 [0x00A4CA98+51864]
	Ordinal0 [0x00A6D9F7+186871]
	Ordinal0 [0x00A6D7FD+186365]
	Ordinal0 [0x00A6B70B+177931]
	Ordinal0 [0x00A52584+75140]
	Ordinal0 [0x00A53650+79440]
	Ordinal0 [0x00A535E9+79337]
	Ordinal0 [0x00BFAD5C+1813852]
	GetHandleVerifier [0x00E1C616+1075574]
	GetHandleVerifier [0x00E1C367+1074887]
	GetHandleVerifier [0x00E27497+1120247]
	GetHandleVerifier [0x00E1CC16+1077110]
	Ordinal0 [0x00BF3206+1782278]
	Ordinal0 [0x00BFC3BB+1819579]
	Ordinal0 [0x00BFC523+1819939]
	Ordinal0 [0x00C12B45+1911621]
	BaseThreadInitThunk [0x76CAFA29+25]
	RtlGetAppContainerNamedObjectPath [0x77777A4E+286]
	RtlGetAppContainerNamedObjectPath [0x77777A1E+238]

]]></failure>
    <system-err><![CDATA[Starting ChromeDriver 84.0.4147.30 (48b3e868b4cc0aa7e8149519690b6f6949e110a8-refs/branch-heads/4147@{#310}) on port 4778
Only local connections are allowed.
Please see https://chromedriver.chromium.org/security-considerations for suggestions on keeping ChromeDriver safe.
ChromeDriver was started successfully.
]]></system-err>
  </testcase>
  <testcase name="pincodevalidate[695011](1)" classname="TestScript.ValidPincodeTestScript" time="0">
    <skipped message="unknown error: cannot find Chrome binary&#10;Build info: version: &apos;3.5.2&apos;, revision: &apos;10229a9&apos;, time: &apos;2017-08-21T17:29:55.15Z&apos;&#10;System info: host: &apos;DESKTOP-R89UIF8&apos;, ip: &apos;192.168.29.73&apos;, os.name: &apos;Windows 10&apos;, os.arch: &apos;amd64&apos;, os.version: &apos;10.0&apos;, java.version: &apos;14.0.2&apos;&#10;Driver info: driver.version: Driver&#10;remote stacktrace: Backtrace:&#10;	Ordinal0 [0x00CF87E3+2852835]&#10;	Ordinal0 [0x00BE5BB1+1727409]&#10;	Ordinal0 [0x00ABE4B9+517305]&#10;	Ordinal0 [0x00A4CA98+51864]&#10;	Ordinal0 [0x00A6D9F7+186871]&#10;	Ordinal0 [0x00A6D7FD+186365]&#10;	Ordinal0 [0x00A6B70B+177931]&#10;	Ordinal0 [0x00A52584+75140]&#10;	Ordinal0 [0x00A53650+79440]&#10;	Ordinal0 [0x00A535E9+79337]&#10;	Ordinal0 [0x00BFAD5C+1813852]&#10;	GetHandleVerifier [0x00E1C616+1075574]&#10;	GetHandleVerifier [0x00E1C367+1074887]&#10;	GetHandleVerifier [0x00E27497+1120247]&#10;	GetHandleVerifier [0x00E1CC16+1077110]&#10;	Ordinal0 [0x00BF3206+1782278]&#10;	Ordinal0 [0x00BFC3BB+1819579]&#10;	Ordinal0 [0x00BFC523+1819939]&#10;	Ordinal0 [0x00C12B45+1911621]&#10;	BaseThreadInitThunk [0x76CAFA29+25]&#10;	RtlGetAppContainerNamedObjectPath [0x77777A4E+286]&#10;	RtlGetAppContainerNamedObjectPath [0x77777A1E+238]&#10;"/>
  </testcase>
  <testcase name="Closebrowser" classname="TestScript.ValidPincodeTestScript" time="0">
    <skipped/>
  </testcase>
  <testcase name="openbrowser" classname="TestScript.InvalidPincodeTestScript" time="0.583">
    <failure message="unknown error: cannot find Chrome binary&#10;Build info: version: &apos;3.5.2&apos;, revision: &apos;10229a9&apos;, time: &apos;2017-08-21T17:29:55.15Z&apos;&#10;System info: host: &apos;DESKTOP-R89UIF8&apos;, ip: &apos;192.168.29.73&apos;, os.name: &apos;Windows 10&apos;, os.arch: &apos;amd64&apos;, os.version: &apos;10.0&apos;, java.version: &apos;14.0.2&apos;&#10;Driver info: driver.version: Driver&#10;remote stacktrace: Backtrace:&#10;	Ordinal0 [0x00CF87E3+2852835]&#10;	Ordinal0 [0x00BE5BB1+1727409]&#10;	Ordinal0 [0x00ABE4B9+517305]&#10;	Ordinal0 [0x00A4CA98+51864]&#10;	Ordinal0 [0x00A6D9F7+186871]&#10;	Ordinal0 [0x00A6D7FD+186365]&#10;	Ordinal0 [0x00A6B70B+177931]&#10;	Ordinal0 [0x00A52584+75140]&#10;	Ordinal0 [0x00A53650+79440]&#10;	Ordinal0 [0x00A535E9+79337]&#10;	Ordinal0 [0x00BFAD5C+1813852]&#10;	GetHandleVerifier [0x00E1C616+1075574]&#10;	GetHandleVerifier [0x00E1C367+1074887]&#10;	GetHandleVerifier [0x00E27497+1120247]&#10;	GetHandleVerifier [0x00E1CC16+1077110]&#10;	Ordinal0 [0x00BF3206+1782278]&#10;	Ordinal0 [0x00BFC3BB+1819579]&#10;	Ordinal0 [0x00BFC523+1819939]&#10;	Ordinal0 [0x00C12B45+1911621]&#10;	BaseThreadInitThunk [0x76CAFA29+25]&#10;	RtlGetAppContainerNamedObjectPath [0x77777A4E+286]&#10;	RtlGetAppContainerNamedObjectPath [0x77777A1E+238]&#10;" type="org.openqa.selenium.WebDriverException"><![CDATA[org.openqa.selenium.WebDriverException: 
unknown error: cannot find Chrome binary
Build info: version: '3.5.2', revision: '10229a9', time: '2017-08-21T17:29:55.15Z'
System info: host: 'DESKTOP-R89UIF8', ip: '192.168.29.73', os.name: 'Windows 10', os.arch: 'amd64', os.version: '10.0', java.version: '14.0.2'
Driver info: driver.version: Driver
remote stacktrace: Backtrace:
	Ordinal0 [0x00CF87E3+2852835]
	Ordinal0 [0x00BE5BB1+1727409]
	Ordinal0 [0x00ABE4B9+517305]
	Ordinal0 [0x00A4CA98+51864]
	Ordinal0 [0x00A6D9F7+186871]
	Ordinal0 [0x00A6D7FD+186365]
	Ordinal0 [0x00A6B70B+177931]
	Ordinal0 [0x00A52584+75140]
	Ordinal0 [0x00A53650+79440]
	Ordinal0 [0x00A535E9+79337]
	Ordinal0 [0x00BFAD5C+1813852]
	GetHandleVerifier [0x00E1C616+1075574]
	GetHandleVerifier [0x00E1C367+1074887]
	GetHandleVerifier [0x00E27497+1120247]
	GetHandleVerifier [0x00E1CC16+1077110]
	Ordinal0 [0x00BF3206+1782278]
	Ordinal0 [0x00BFC3BB+1819579]
	Ordinal0 [0x00BFC523+1819939]
	Ordinal0 [0x00C12B45+1911621]
	BaseThreadInitThunk [0x76CAFA29+25]
	RtlGetAppContainerNamedObjectPath [0x77777A4E+286]
	RtlGetAppContainerNamedObjectPath [0x77777A1E+238]

]]></failure>
    <system-err><![CDATA[Starting ChromeDriver 84.0.4147.30 (48b3e868b4cc0aa7e8149519690b6f6949e110a8-refs/branch-heads/4147@{#310}) on port 22169
Only local connections are allowed.
Please see https://chromedriver.chromium.org/security-considerations for suggestions on keeping ChromeDriver safe.
ChromeDriver was started successfully.
]]></system-err>
  </testcase>
  <testcase name="InValidPincode[1234](1)" classname="TestScript.InvalidPincodeTestScript" time="0">
    <skipped message="unknown error: cannot find Chrome binary&#10;Build info: version: &apos;3.5.2&apos;, revision: &apos;10229a9&apos;, time: &apos;2017-08-21T17:29:55.15Z&apos;&#10;System info: host: &apos;DESKTOP-R89UIF8&apos;, ip: &apos;192.168.29.73&apos;, os.name: &apos;Windows 10&apos;, os.arch: &apos;amd64&apos;, os.version: &apos;10.0&apos;, java.version: &apos;14.0.2&apos;&#10;Driver info: driver.version: Driver&#10;remote stacktrace: Backtrace:&#10;	Ordinal0 [0x00CF87E3+2852835]&#10;	Ordinal0 [0x00BE5BB1+1727409]&#10;	Ordinal0 [0x00ABE4B9+517305]&#10;	Ordinal0 [0x00A4CA98+51864]&#10;	Ordinal0 [0x00A6D9F7+186871]&#10;	Ordinal0 [0x00A6D7FD+186365]&#10;	Ordinal0 [0x00A6B70B+177931]&#10;	Ordinal0 [0x00A52584+75140]&#10;	Ordinal0 [0x00A53650+79440]&#10;	Ordinal0 [0x00A535E9+79337]&#10;	Ordinal0 [0x00BFAD5C+1813852]&#10;	GetHandleVerifier [0x00E1C616+1075574]&#10;	GetHandleVerifier [0x00E1C367+1074887]&#10;	GetHandleVerifier [0x00E27497+1120247]&#10;	GetHandleVerifier [0x00E1CC16+1077110]&#10;	Ordinal0 [0x00BF3206+1782278]&#10;	Ordinal0 [0x00BFC3BB+1819579]&#10;	Ordinal0 [0x00BFC523+1819939]&#10;	Ordinal0 [0x00C12B45+1911621]&#10;	BaseThreadInitThunk [0x76CAFA29+25]&#10;	RtlGetAppContainerNamedObjectPath [0x77777A4E+286]&#10;	RtlGetAppContainerNamedObjectPath [0x77777A1E+238]&#10;"/>
  </testcase>
  <testcase name="Closebrowser" classname="TestScript.InvalidPincodeTestScript" time="0">
    <skipped/>
  </testcase>
  <testcase name="openbrowser" classname="TestScript.SortPriceHightoLowTestScript" time="0.627">
    <failure message="unknown error: cannot find Chrome binary&#10;Build info: version: &apos;3.5.2&apos;, revision: &apos;10229a9&apos;, time: &apos;2017-08-21T17:29:55.15Z&apos;&#10;System info: host: &apos;DESKTOP-R89UIF8&apos;, ip: &apos;192.168.29.73&apos;, os.name: &apos;Windows 10&apos;, os.arch: &apos;amd64&apos;, os.version: &apos;10.0&apos;, java.version: &apos;14.0.2&apos;&#10;Driver info: driver.version: Driver&#10;remote stacktrace: Backtrace:&#10;	Ordinal0 [0x00CF87E3+2852835]&#10;	Ordinal0 [0x00BE5BB1+1727409]&#10;	Ordinal0 [0x00ABE4B9+517305]&#10;	Ordinal0 [0x00A4CA98+51864]&#10;	Ordinal0 [0x00A6D9F7+186871]&#10;	Ordinal0 [0x00A6D7FD+186365]&#10;	Ordinal0 [0x00A6B70B+177931]&#10;	Ordinal0 [0x00A52584+75140]&#10;	Ordinal0 [0x00A53650+79440]&#10;	Ordinal0 [0x00A535E9+79337]&#10;	Ordinal0 [0x00BFAD5C+1813852]&#10;	GetHandleVerifier [0x00E1C616+1075574]&#10;	GetHandleVerifier [0x00E1C367+1074887]&#10;	GetHandleVerifier [0x00E27497+1120247]&#10;	GetHandleVerifier [0x00E1CC16+1077110]&#10;	Ordinal0 [0x00BF3206+1782278]&#10;	Ordinal0 [0x00BFC3BB+1819579]&#10;	Ordinal0 [0x00BFC523+1819939]&#10;	Ordinal0 [0x00C12B45+1911621]&#10;	BaseThreadInitThunk [0x76CAFA29+25]&#10;	RtlGetAppContainerNamedObjectPath [0x77777A4E+286]&#10;	RtlGetAppContainerNamedObjectPath [0x77777A1E+238]&#10;" type="org.openqa.selenium.WebDriverException"><![CDATA[org.openqa.selenium.WebDriverException: 
unknown error: cannot find Chrome binary
Build info: version: '3.5.2', revision: '10229a9', time: '2017-08-21T17:29:55.15Z'
System info: host: 'DESKTOP-R89UIF8', ip: '192.168.29.73', os.name: 'Windows 10', os.arch: 'amd64', os.version: '10.0', java.version: '14.0.2'
Driver info: driver.version: Driver
remote stacktrace: Backtrace:
	Ordinal0 [0x00CF87E3+2852835]
	Ordinal0 [0x00BE5BB1+1727409]
	Ordinal0 [0x00ABE4B9+517305]
	Ordinal0 [0x00A4CA98+51864]
	Ordinal0 [0x00A6D9F7+186871]
	Ordinal0 [0x00A6D7FD+186365]
	Ordinal0 [0x00A6B70B+177931]
	Ordinal0 [0x00A52584+75140]
	Ordinal0 [0x00A53650+79440]
	Ordinal0 [0x00A535E9+79337]
	Ordinal0 [0x00BFAD5C+1813852]
	GetHandleVerifier [0x00E1C616+1075574]
	GetHandleVerifier [0x00E1C367+1074887]
	GetHandleVerifier [0x00E27497+1120247]
	GetHandleVerifier [0x00E1CC16+1077110]
	Ordinal0 [0x00BF3206+1782278]
	Ordinal0 [0x00BFC3BB+1819579]
	Ordinal0 [0x00BFC523+1819939]
	Ordinal0 [0x00C12B45+1911621]
	BaseThreadInitThunk [0x76CAFA29+25]
	RtlGetAppContainerNamedObjectPath [0x77777A4E+286]
	RtlGetAppContainerNamedObjectPath [0x77777A1E+238]

]]></failure>
    <system-err><![CDATA[Starting ChromeDriver 84.0.4147.30 (48b3e868b4cc0aa7e8149519690b6f6949e110a8-refs/branch-heads/4147@{#310}) on port 10566
Only local connections are allowed.
Please see https://chromedriver.chromium.org/security-considerations for suggestions on keeping ChromeDriver safe.
ChromeDriver was started successfully.
]]></system-err>
  </testcase>
  <testcase name="Sort[iphone 12](1)" classname="TestScript.SortPriceHightoLowTestScript" time="0">
    <skipped message="unknown error: cannot find Chrome binary&#10;Build info: version: &apos;3.5.2&apos;, revision: &apos;10229a9&apos;, time: &apos;2017-08-21T17:29:55.15Z&apos;&#10;System info: host: &apos;DESKTOP-R89UIF8&apos;, ip: &apos;192.168.29.73&apos;, os.name: &apos;Windows 10&apos;, os.arch: &apos;amd64&apos;, os.version: &apos;10.0&apos;, java.version: &apos;14.0.2&apos;&#10;Driver info: driver.version: Driver&#10;remote stacktrace: Backtrace:&#10;	Ordinal0 [0x00CF87E3+2852835]&#10;	Ordinal0 [0x00BE5BB1+1727409]&#10;	Ordinal0 [0x00ABE4B9+517305]&#10;	Ordinal0 [0x00A4CA98+51864]&#10;	Ordinal0 [0x00A6D9F7+186871]&#10;	Ordinal0 [0x00A6D7FD+186365]&#10;	Ordinal0 [0x00A6B70B+177931]&#10;	Ordinal0 [0x00A52584+75140]&#10;	Ordinal0 [0x00A53650+79440]&#10;	Ordinal0 [0x00A535E9+79337]&#10;	Ordinal0 [0x00BFAD5C+1813852]&#10;	GetHandleVerifier [0x00E1C616+1075574]&#10;	GetHandleVerifier [0x00E1C367+1074887]&#10;	GetHandleVerifier [0x00E27497+1120247]&#10;	GetHandleVerifier [0x00E1CC16+1077110]&#10;	Ordinal0 [0x00BF3206+1782278]&#10;	Ordinal0 [0x00BFC3BB+1819579]&#10;	Ordinal0 [0x00BFC523+1819939]&#10;	Ordinal0 [0x00C12B45+1911621]&#10;	BaseThreadInitThunk [0x76CAFA29+25]&#10;	RtlGetAppContainerNamedObjectPath [0x77777A4E+286]&#10;	RtlGetAppContainerNamedObjectPath [0x77777A1E+238]&#10;"/>
  </testcase>
  <testcase name="Closebrowser" classname="TestScript.SortPriceHightoLowTestScript" time="0">
    <skipped/>
  </testcase>
  <testcase name="openbrowser" classname="TestScript.NaviToPrdtDetailPageTest" time="0.59">
    <failure message="unknown error: cannot find Chrome binary&#10;Build info: version: &apos;3.5.2&apos;, revision: &apos;10229a9&apos;, time: &apos;2017-08-21T17:29:55.15Z&apos;&#10;System info: host: &apos;DESKTOP-R89UIF8&apos;, ip: &apos;192.168.29.73&apos;, os.name: &apos;Windows 10&apos;, os.arch: &apos;amd64&apos;, os.version: &apos;10.0&apos;, java.version: &apos;14.0.2&apos;&#10;Driver info: driver.version: Driver&#10;remote stacktrace: Backtrace:&#10;	Ordinal0 [0x00CF87E3+2852835]&#10;	Ordinal0 [0x00BE5BB1+1727409]&#10;	Ordinal0 [0x00ABE4B9+517305]&#10;	Ordinal0 [0x00A4CA98+51864]&#10;	Ordinal0 [0x00A6D9F7+186871]&#10;	Ordinal0 [0x00A6D7FD+186365]&#10;	Ordinal0 [0x00A6B70B+177931]&#10;	Ordinal0 [0x00A52584+75140]&#10;	Ordinal0 [0x00A53650+79440]&#10;	Ordinal0 [0x00A535E9+79337]&#10;	Ordinal0 [0x00BFAD5C+1813852]&#10;	GetHandleVerifier [0x00E1C616+1075574]&#10;	GetHandleVerifier [0x00E1C367+1074887]&#10;	GetHandleVerifier [0x00E27497+1120247]&#10;	GetHandleVerifier [0x00E1CC16+1077110]&#10;	Ordinal0 [0x00BF3206+1782278]&#10;	Ordinal0 [0x00BFC3BB+1819579]&#10;	Ordinal0 [0x00BFC523+1819939]&#10;	Ordinal0 [0x00C12B45+1911621]&#10;	BaseThreadInitThunk [0x76CAFA29+25]&#10;	RtlGetAppContainerNamedObjectPath [0x77777A4E+286]&#10;	RtlGetAppContainerNamedObjectPath [0x77777A1E+238]&#10;" type="org.openqa.selenium.WebDriverException"><![CDATA[org.openqa.selenium.WebDriverException: 
unknown error: cannot find Chrome binary
Build info: version: '3.5.2', revision: '10229a9', time: '2017-08-21T17:29:55.15Z'
System info: host: 'DESKTOP-R89UIF8', ip: '192.168.29.73', os.name: 'Windows 10', os.arch: 'amd64', os.version: '10.0', java.version: '14.0.2'
Driver info: driver.version: Driver
remote stacktrace: Backtrace:
	Ordinal0 [0x00CF87E3+2852835]
	Ordinal0 [0x00BE5BB1+1727409]
	Ordinal0 [0x00ABE4B9+517305]
	Ordinal0 [0x00A4CA98+51864]
	Ordinal0 [0x00A6D9F7+186871]
	Ordinal0 [0x00A6D7FD+186365]
	Ordinal0 [0x00A6B70B+177931]
	Ordinal0 [0x00A52584+75140]
	Ordinal0 [0x00A53650+79440]
	Ordinal0 [0x00A535E9+79337]
	Ordinal0 [0x00BFAD5C+1813852]
	GetHandleVerifier [0x00E1C616+1075574]
	GetHandleVerifier [0x00E1C367+1074887]
	GetHandleVerifier [0x00E27497+1120247]
	GetHandleVerifier [0x00E1CC16+1077110]
	Ordinal0 [0x00BF3206+1782278]
	Ordinal0 [0x00BFC3BB+1819579]
	Ordinal0 [0x00BFC523+1819939]
	Ordinal0 [0x00C12B45+1911621]
	BaseThreadInitThunk [0x76CAFA29+25]
	RtlGetAppContainerNamedObjectPath [0x77777A4E+286]
	RtlGetAppContainerNamedObjectPath [0x77777A1E+238]

]]></failure>
    <system-err><![CDATA[Starting ChromeDriver 84.0.4147.30 (48b3e868b4cc0aa7e8149519690b6f6949e110a8-refs/branch-heads/4147@{#310}) on port 10207
Only local connections are allowed.
Please see https://chromedriver.chromium.org/security-considerations for suggestions on keeping ChromeDriver safe.
ChromeDriver was started successfully.
]]></system-err>
  </testcase>
  <testcase name="navigate" classname="TestScript.NaviToPrdtDetailPageTest" time="0">
    <skipped message="unknown error: cannot find Chrome binary&#10;Build info: version: &apos;3.5.2&apos;, revision: &apos;10229a9&apos;, time: &apos;2017-08-21T17:29:55.15Z&apos;&#10;System info: host: &apos;DESKTOP-R89UIF8&apos;, ip: &apos;192.168.29.73&apos;, os.name: &apos;Windows 10&apos;, os.arch: &apos;amd64&apos;, os.version: &apos;10.0&apos;, java.version: &apos;14.0.2&apos;&#10;Driver info: driver.version: Driver&#10;remote stacktrace: Backtrace:&#10;	Ordinal0 [0x00CF87E3+2852835]&#10;	Ordinal0 [0x00BE5BB1+1727409]&#10;	Ordinal0 [0x00ABE4B9+517305]&#10;	Ordinal0 [0x00A4CA98+51864]&#10;	Ordinal0 [0x00A6D9F7+186871]&#10;	Ordinal0 [0x00A6D7FD+186365]&#10;	Ordinal0 [0x00A6B70B+177931]&#10;	Ordinal0 [0x00A52584+75140]&#10;	Ordinal0 [0x00A53650+79440]&#10;	Ordinal0 [0x00A535E9+79337]&#10;	Ordinal0 [0x00BFAD5C+1813852]&#10;	GetHandleVerifier [0x00E1C616+1075574]&#10;	GetHandleVerifier [0x00E1C367+1074887]&#10;	GetHandleVerifier [0x00E27497+1120247]&#10;	GetHandleVerifier [0x00E1CC16+1077110]&#10;	Ordinal0 [0x00BF3206+1782278]&#10;	Ordinal0 [0x00BFC3BB+1819579]&#10;	Ordinal0 [0x00BFC523+1819939]&#10;	Ordinal0 [0x00C12B45+1911621]&#10;	BaseThreadInitThunk [0x76CAFA29+25]&#10;	RtlGetAppContainerNamedObjectPath [0x77777A4E+286]&#10;	RtlGetAppContainerNamedObjectPath [0x77777A1E+238]&#10;"/>
  </testcase>
  <testcase name="Closebrowser" classname="TestScript.NaviToPrdtDetailPageTest" time="0">
    <skipped/>
  </testcase>
  <testcase name="openbrowser" classname="TestScript.SaveForLaterTest" time="0.617">
    <failure message="unknown error: cannot find Chrome binary&#10;Build info: version: &apos;3.5.2&apos;, revision: &apos;10229a9&apos;, time: &apos;2017-08-21T17:29:55.15Z&apos;&#10;System info: host: &apos;DESKTOP-R89UIF8&apos;, ip: &apos;192.168.29.73&apos;, os.name: &apos;Windows 10&apos;, os.arch: &apos;amd64&apos;, os.version: &apos;10.0&apos;, java.version: &apos;14.0.2&apos;&#10;Driver info: driver.version: Driver&#10;remote stacktrace: Backtrace:&#10;	Ordinal0 [0x00CF87E3+2852835]&#10;	Ordinal0 [0x00BE5BB1+1727409]&#10;	Ordinal0 [0x00ABE4B9+517305]&#10;	Ordinal0 [0x00A4CA98+51864]&#10;	Ordinal0 [0x00A6D9F7+186871]&#10;	Ordinal0 [0x00A6D7FD+186365]&#10;	Ordinal0 [0x00A6B70B+177931]&#10;	Ordinal0 [0x00A52584+75140]&#10;	Ordinal0 [0x00A53650+79440]&#10;	Ordinal0 [0x00A535E9+79337]&#10;	Ordinal0 [0x00BFAD5C+1813852]&#10;	GetHandleVerifier [0x00E1C616+1075574]&#10;	GetHandleVerifier [0x00E1C367+1074887]&#10;	GetHandleVerifier [0x00E27497+1120247]&#10;	GetHandleVerifier [0x00E1CC16+1077110]&#10;	Ordinal0 [0x00BF3206+1782278]&#10;	Ordinal0 [0x00BFC3BB+1819579]&#10;	Ordinal0 [0x00BFC523+1819939]&#10;	Ordinal0 [0x00C12B45+1911621]&#10;	BaseThreadInitThunk [0x76CAFA29+25]&#10;	RtlGetAppContainerNamedObjectPath [0x77777A4E+286]&#10;	RtlGetAppContainerNamedObjectPath [0x77777A1E+238]&#10;" type="org.openqa.selenium.WebDriverException"><![CDATA[org.openqa.selenium.WebDriverException: 
unknown error: cannot find Chrome binary
Build info: version: '3.5.2', revision: '10229a9', time: '2017-08-21T17:29:55.15Z'
System info: host: 'DESKTOP-R89UIF8', ip: '192.168.29.73', os.name: 'Windows 10', os.arch: 'amd64', os.version: '10.0', java.version: '14.0.2'
Driver info: driver.version: Driver
remote stacktrace: Backtrace:
	Ordinal0 [0x00CF87E3+2852835]
	Ordinal0 [0x00BE5BB1+1727409]
	Ordinal0 [0x00ABE4B9+517305]
	Ordinal0 [0x00A4CA98+51864]
	Ordinal0 [0x00A6D9F7+186871]
	Ordinal0 [0x00A6D7FD+186365]
	Ordinal0 [0x00A6B70B+177931]
	Ordinal0 [0x00A52584+75140]
	Ordinal0 [0x00A53650+79440]
	Ordinal0 [0x00A535E9+79337]
	Ordinal0 [0x00BFAD5C+1813852]
	GetHandleVerifier [0x00E1C616+1075574]
	GetHandleVerifier [0x00E1C367+1074887]
	GetHandleVerifier [0x00E27497+1120247]
	GetHandleVerifier [0x00E1CC16+1077110]
	Ordinal0 [0x00BF3206+1782278]
	Ordinal0 [0x00BFC3BB+1819579]
	Ordinal0 [0x00BFC523+1819939]
	Ordinal0 [0x00C12B45+1911621]
	BaseThreadInitThunk [0x76CAFA29+25]
	RtlGetAppContainerNamedObjectPath [0x77777A4E+286]
	RtlGetAppContainerNamedObjectPath [0x77777A1E+238]

]]></failure>
    <system-err><![CDATA[Starting ChromeDriver 84.0.4147.30 (48b3e868b4cc0aa7e8149519690b6f6949e110a8-refs/branch-heads/4147@{#310}) on port 41108
Only local connections are allowed.
Please see https://chromedriver.chromium.org/security-considerations for suggestions on keeping ChromeDriver safe.
ChromeDriver was started successfully.
]]></system-err>
  </testcase>
  <testcase name="SaveforLater[iphone 12](1)" classname="TestScript.SaveForLaterTest" time="0">
    <skipped message="unknown error: cannot find Chrome binary&#10;Build info: version: &apos;3.5.2&apos;, revision: &apos;10229a9&apos;, time: &apos;2017-08-21T17:29:55.15Z&apos;&#10;System info: host: &apos;DESKTOP-R89UIF8&apos;, ip: &apos;192.168.29.73&apos;, os.name: &apos;Windows 10&apos;, os.arch: &apos;amd64&apos;, os.version: &apos;10.0&apos;, java.version: &apos;14.0.2&apos;&#10;Driver info: driver.version: Driver&#10;remote stacktrace: Backtrace:&#10;	Ordinal0 [0x00CF87E3+2852835]&#10;	Ordinal0 [0x00BE5BB1+1727409]&#10;	Ordinal0 [0x00ABE4B9+517305]&#10;	Ordinal0 [0x00A4CA98+51864]&#10;	Ordinal0 [0x00A6D9F7+186871]&#10;	Ordinal0 [0x00A6D7FD+186365]&#10;	Ordinal0 [0x00A6B70B+177931]&#10;	Ordinal0 [0x00A52584+75140]&#10;	Ordinal0 [0x00A53650+79440]&#10;	Ordinal0 [0x00A535E9+79337]&#10;	Ordinal0 [0x00BFAD5C+1813852]&#10;	GetHandleVerifier [0x00E1C616+1075574]&#10;	GetHandleVerifier [0x00E1C367+1074887]&#10;	GetHandleVerifier [0x00E27497+1120247]&#10;	GetHandleVerifier [0x00E1CC16+1077110]&#10;	Ordinal0 [0x00BF3206+1782278]&#10;	Ordinal0 [0x00BFC3BB+1819579]&#10;	Ordinal0 [0x00BFC523+1819939]&#10;	Ordinal0 [0x00C12B45+1911621]&#10;	BaseThreadInitThunk [0x76CAFA29+25]&#10;	RtlGetAppContainerNamedObjectPath [0x77777A4E+286]&#10;	RtlGetAppContainerNamedObjectPath [0x77777A1E+238]&#10;"/>
  </testcase>
  <testcase name="Closebrowser" classname="TestScript.SaveForLaterTest" time="0">
    <skipped/>
  </testcase>
  <testcase name="openbrowser" classname="TestScript.AddCartTestScript" time="0.616">
    <failure message="unknown error: cannot find Chrome binary&#10;Build info: version: &apos;3.5.2&apos;, revision: &apos;10229a9&apos;, time: &apos;2017-08-21T17:29:55.15Z&apos;&#10;System info: host: &apos;DESKTOP-R89UIF8&apos;, ip: &apos;192.168.29.73&apos;, os.name: &apos;Windows 10&apos;, os.arch: &apos;amd64&apos;, os.version: &apos;10.0&apos;, java.version: &apos;14.0.2&apos;&#10;Driver info: driver.version: Driver&#10;remote stacktrace: Backtrace:&#10;	Ordinal0 [0x00CF87E3+2852835]&#10;	Ordinal0 [0x00BE5BB1+1727409]&#10;	Ordinal0 [0x00ABE4B9+517305]&#10;	Ordinal0 [0x00A4CA98+51864]&#10;	Ordinal0 [0x00A6D9F7+186871]&#10;	Ordinal0 [0x00A6D7FD+186365]&#10;	Ordinal0 [0x00A6B70B+177931]&#10;	Ordinal0 [0x00A52584+75140]&#10;	Ordinal0 [0x00A53650+79440]&#10;	Ordinal0 [0x00A535E9+79337]&#10;	Ordinal0 [0x00BFAD5C+1813852]&#10;	GetHandleVerifier [0x00E1C616+1075574]&#10;	GetHandleVerifier [0x00E1C367+1074887]&#10;	GetHandleVerifier [0x00E27497+1120247]&#10;	GetHandleVerifier [0x00E1CC16+1077110]&#10;	Ordinal0 [0x00BF3206+1782278]&#10;	Ordinal0 [0x00BFC3BB+1819579]&#10;	Ordinal0 [0x00BFC523+1819939]&#10;	Ordinal0 [0x00C12B45+1911621]&#10;	BaseThreadInitThunk [0x76CAFA29+25]&#10;	RtlGetAppContainerNamedObjectPath [0x77777A4E+286]&#10;	RtlGetAppContainerNamedObjectPath [0x77777A1E+238]&#10;" type="org.openqa.selenium.WebDriverException"><![CDATA[org.openqa.selenium.WebDriverException: 
unknown error: cannot find Chrome binary
Build info: version: '3.5.2', revision: '10229a9', time: '2017-08-21T17:29:55.15Z'
System info: host: 'DESKTOP-R89UIF8', ip: '192.168.29.73', os.name: 'Windows 10', os.arch: 'amd64', os.version: '10.0', java.version: '14.0.2'
Driver info: driver.version: Driver
remote stacktrace: Backtrace:
	Ordinal0 [0x00CF87E3+2852835]
	Ordinal0 [0x00BE5BB1+1727409]
	Ordinal0 [0x00ABE4B9+517305]
	Ordinal0 [0x00A4CA98+51864]
	Ordinal0 [0x00A6D9F7+186871]
	Ordinal0 [0x00A6D7FD+186365]
	Ordinal0 [0x00A6B70B+177931]
	Ordinal0 [0x00A52584+75140]
	Ordinal0 [0x00A53650+79440]
	Ordinal0 [0x00A535E9+79337]
	Ordinal0 [0x00BFAD5C+1813852]
	GetHandleVerifier [0x00E1C616+1075574]
	GetHandleVerifier [0x00E1C367+1074887]
	GetHandleVerifier [0x00E27497+1120247]
	GetHandleVerifier [0x00E1CC16+1077110]
	Ordinal0 [0x00BF3206+1782278]
	Ordinal0 [0x00BFC3BB+1819579]
	Ordinal0 [0x00BFC523+1819939]
	Ordinal0 [0x00C12B45+1911621]
	BaseThreadInitThunk [0x76CAFA29+25]
	RtlGetAppContainerNamedObjectPath [0x77777A4E+286]
	RtlGetAppContainerNamedObjectPath [0x77777A1E+238]

]]></failure>
    <system-err><![CDATA[Starting ChromeDriver 84.0.4147.30 (48b3e868b4cc0aa7e8149519690b6f6949e110a8-refs/branch-heads/4147@{#310}) on port 11252
Only local connections are allowed.
Please see https://chromedriver.chromium.org/security-considerations for suggestions on keeping ChromeDriver safe.
ChromeDriver was started successfully.
]]></system-err>
  </testcase>
  <testcase name="AddToCart[iphone 12](1)" classname="TestScript.AddCartTestScript" time="0">
    <skipped message="unknown error: cannot find Chrome binary&#10;Build info: version: &apos;3.5.2&apos;, revision: &apos;10229a9&apos;, time: &apos;2017-08-21T17:29:55.15Z&apos;&#10;System info: host: &apos;DESKTOP-R89UIF8&apos;, ip: &apos;192.168.29.73&apos;, os.name: &apos;Windows 10&apos;, os.arch: &apos;amd64&apos;, os.version: &apos;10.0&apos;, java.version: &apos;14.0.2&apos;&#10;Driver info: driver.version: Driver&#10;remote stacktrace: Backtrace:&#10;	Ordinal0 [0x00CF87E3+2852835]&#10;	Ordinal0 [0x00BE5BB1+1727409]&#10;	Ordinal0 [0x00ABE4B9+517305]&#10;	Ordinal0 [0x00A4CA98+51864]&#10;	Ordinal0 [0x00A6D9F7+186871]&#10;	Ordinal0 [0x00A6D7FD+186365]&#10;	Ordinal0 [0x00A6B70B+177931]&#10;	Ordinal0 [0x00A52584+75140]&#10;	Ordinal0 [0x00A53650+79440]&#10;	Ordinal0 [0x00A535E9+79337]&#10;	Ordinal0 [0x00BFAD5C+1813852]&#10;	GetHandleVerifier [0x00E1C616+1075574]&#10;	GetHandleVerifier [0x00E1C367+1074887]&#10;	GetHandleVerifier [0x00E27497+1120247]&#10;	GetHandleVerifier [0x00E1CC16+1077110]&#10;	Ordinal0 [0x00BF3206+1782278]&#10;	Ordinal0 [0x00BFC3BB+1819579]&#10;	Ordinal0 [0x00BFC523+1819939]&#10;	Ordinal0 [0x00C12B45+1911621]&#10;	BaseThreadInitThunk [0x76CAFA29+25]&#10;	RtlGetAppContainerNamedObjectPath [0x77777A4E+286]&#10;	RtlGetAppContainerNamedObjectPath [0x77777A1E+238]&#10;"/>
  </testcase>
  <testcase name="Closebrowser" classname="TestScript.AddCartTestScript" time="0">
    <skipped/>
  </testcase>
  <testcase name="openbrowser" classname="TestScript.PasswordChangeTestScript" time="0.617">
    <failure message="unknown error: cannot find Chrome binary&#10;Build info: version: &apos;3.5.2&apos;, revision: &apos;10229a9&apos;, time: &apos;2017-08-21T17:29:55.15Z&apos;&#10;System info: host: &apos;DESKTOP-R89UIF8&apos;, ip: &apos;192.168.29.73&apos;, os.name: &apos;Windows 10&apos;, os.arch: &apos;amd64&apos;, os.version: &apos;10.0&apos;, java.version: &apos;14.0.2&apos;&#10;Driver info: driver.version: Driver&#10;remote stacktrace: Backtrace:&#10;	Ordinal0 [0x00CF87E3+2852835]&#10;	Ordinal0 [0x00BE5BB1+1727409]&#10;	Ordinal0 [0x00ABE4B9+517305]&#10;	Ordinal0 [0x00A4CA98+51864]&#10;	Ordinal0 [0x00A6D9F7+186871]&#10;	Ordinal0 [0x00A6D7FD+186365]&#10;	Ordinal0 [0x00A6B70B+177931]&#10;	Ordinal0 [0x00A52584+75140]&#10;	Ordinal0 [0x00A53650+79440]&#10;	Ordinal0 [0x00A535E9+79337]&#10;	Ordinal0 [0x00BFAD5C+1813852]&#10;	GetHandleVerifier [0x00E1C616+1075574]&#10;	GetHandleVerifier [0x00E1C367+1074887]&#10;	GetHandleVerifier [0x00E27497+1120247]&#10;	GetHandleVerifier [0x00E1CC16+1077110]&#10;	Ordinal0 [0x00BF3206+1782278]&#10;	Ordinal0 [0x00BFC3BB+1819579]&#10;	Ordinal0 [0x00BFC523+1819939]&#10;	Ordinal0 [0x00C12B45+1911621]&#10;	BaseThreadInitThunk [0x76CAFA29+25]&#10;	RtlGetAppContainerNamedObjectPath [0x77777A4E+286]&#10;	RtlGetAppContainerNamedObjectPath [0x77777A1E+238]&#10;" type="org.openqa.selenium.WebDriverException"><![CDATA[org.openqa.selenium.WebDriverException: 
unknown error: cannot find Chrome binary
Build info: version: '3.5.2', revision: '10229a9', time: '2017-08-21T17:29:55.15Z'
System info: host: 'DESKTOP-R89UIF8', ip: '192.168.29.73', os.name: 'Windows 10', os.arch: 'amd64', os.version: '10.0', java.version: '14.0.2'
Driver info: driver.version: Driver
remote stacktrace: Backtrace:
	Ordinal0 [0x00CF87E3+2852835]
	Ordinal0 [0x00BE5BB1+1727409]
	Ordinal0 [0x00ABE4B9+517305]
	Ordinal0 [0x00A4CA98+51864]
	Ordinal0 [0x00A6D9F7+186871]
	Ordinal0 [0x00A6D7FD+186365]
	Ordinal0 [0x00A6B70B+177931]
	Ordinal0 [0x00A52584+75140]
	Ordinal0 [0x00A53650+79440]
	Ordinal0 [0x00A535E9+79337]
	Ordinal0 [0x00BFAD5C+1813852]
	GetHandleVerifier [0x00E1C616+1075574]
	GetHandleVerifier [0x00E1C367+1074887]
	GetHandleVerifier [0x00E27497+1120247]
	GetHandleVerifier [0x00E1CC16+1077110]
	Ordinal0 [0x00BF3206+1782278]
	Ordinal0 [0x00BFC3BB+1819579]
	Ordinal0 [0x00BFC523+1819939]
	Ordinal0 [0x00C12B45+1911621]
	BaseThreadInitThunk [0x76CAFA29+25]
	RtlGetAppContainerNamedObjectPath [0x77777A4E+286]
	RtlGetAppContainerNamedObjectPath [0x77777A1E+238]

]]></failure>
    <system-err><![CDATA[Starting ChromeDriver 84.0.4147.30 (48b3e868b4cc0aa7e8149519690b6f6949e110a8-refs/branch-heads/4147@{#310}) on port 46021
Only local connections are allowed.
Please see https://chromedriver.chromium.org/security-considerations for suggestions on keeping ChromeDriver safe.
ChromeDriver was started successfully.
]]></system-err>
  </testcase>
  <testcase name="ChangePassword[7558003133, admin34567, admin345678](1)" classname="TestScript.PasswordChangeTestScript" time="0">
    <skipped message="unknown error: cannot find Chrome binary&#10;Build info: version: &apos;3.5.2&apos;, revision: &apos;10229a9&apos;, time: &apos;2017-08-21T17:29:55.15Z&apos;&#10;System info: host: &apos;DESKTOP-R89UIF8&apos;, ip: &apos;192.168.29.73&apos;, os.name: &apos;Windows 10&apos;, os.arch: &apos;amd64&apos;, os.version: &apos;10.0&apos;, java.version: &apos;14.0.2&apos;&#10;Driver info: driver.version: Driver&#10;remote stacktrace: Backtrace:&#10;	Ordinal0 [0x00CF87E3+2852835]&#10;	Ordinal0 [0x00BE5BB1+1727409]&#10;	Ordinal0 [0x00ABE4B9+517305]&#10;	Ordinal0 [0x00A4CA98+51864]&#10;	Ordinal0 [0x00A6D9F7+186871]&#10;	Ordinal0 [0x00A6D7FD+186365]&#10;	Ordinal0 [0x00A6B70B+177931]&#10;	Ordinal0 [0x00A52584+75140]&#10;	Ordinal0 [0x00A53650+79440]&#10;	Ordinal0 [0x00A535E9+79337]&#10;	Ordinal0 [0x00BFAD5C+1813852]&#10;	GetHandleVerifier [0x00E1C616+1075574]&#10;	GetHandleVerifier [0x00E1C367+1074887]&#10;	GetHandleVerifier [0x00E27497+1120247]&#10;	GetHandleVerifier [0x00E1CC16+1077110]&#10;	Ordinal0 [0x00BF3206+1782278]&#10;	Ordinal0 [0x00BFC3BB+1819579]&#10;	Ordinal0 [0x00BFC523+1819939]&#10;	Ordinal0 [0x00C12B45+1911621]&#10;	BaseThreadInitThunk [0x76CAFA29+25]&#10;	RtlGetAppContainerNamedObjectPath [0x77777A4E+286]&#10;	RtlGetAppContainerNamedObjectPath [0x77777A1E+238]&#10;"/>
  </testcase>
  <testcase name="Closebrowser" classname="TestScript.PasswordChangeTestScript" time="0">
    <skipped/>
  </testcase>
</testsuite>